<?xml version="1.0" encoding="UTF-8"?>
<testng-results skipped="0" failed="0" total="1" passed="1">
  <reporter-output>
  </reporter-output>
  <suite name="Default suite" duration-ms="1114" started-at="2015-04-24T10:59:03Z" finished-at="2015-04-24T10:59:04Z">
    <groups>
    </groups>
    <test name="Default test" duration-ms="1114" started-at="2015-04-24T10:59:03Z" finished-at="2015-04-24T10:59:04Z">
      <class name="driver123.FileOperation1">
        <test-method status="PASS" signature="f()[pri:0, instance:driver123.FileOperation1@326de728]" name="f" duration-ms="1093" started-at="2015-04-24T16:29:03Z" finished-at="2015-04-24T16:29:04Z">
          <reporter-output>
          </reporter-output>
        </test-method> <!-- f -->
      </class> <!-- driver123.FileOperation1 -->
    </test> <!-- Default test -->
  </suite> <!-- Default suite -->
</testng-results>
